<?xml version="1.0" encoding="UTF-8"?>
<!-- Generated by org.testng.reporters.JUnitXMLReporter -->
<testsuite ignored="0" hostname="BHUKRK527430L" failures="0" tests="3" name="Default test" time="4.242" errors="0" timestamp="06 May 2022 05:14:37 GMT">
  <testcase classname="com.testCases.DataProvider01" name="test" time="2.92"/>
  <testcase classname="com.testCases.DataProvider01" name="test" time="0.665"/>
  <testcase classname="com.testCases.DataProvider01" name="test" time="0.619"/>
</testsuite> <!-- Default test -->
