<?xml version="1.0" encoding="UTF-8"?>
<testng-results ignored="0" total="1" passed="1" failed="0" skipped="0">
  <reporter-output>
  </reporter-output>
  <suite started-at="2022-05-06T13:53:19 IST" name="Default suite" finished-at="2022-05-06T13:53:37 IST" duration-ms="18123">
    <groups>
    </groups>
    <test started-at="2022-05-06T13:53:19 IST" name="Default test" finished-at="2022-05-06T13:53:37 IST" duration-ms="18123">
      <class name="day5.Set_Size_Window">
        <test-method signature="sizeOfWindow()[pri:0, instance:day5.Set_Size_Window@1b1473ab]" started-at="2022-05-06T13:53:19 IST" name="sizeOfWindow" finished-at="2022-05-06T13:53:37 IST" duration-ms="18050" status="PASS">
          <reporter-output>
          </reporter-output>
        </test-method> <!-- sizeOfWindow -->
      </class> <!-- day5.Set_Size_Window -->
    </test> <!-- Default test -->
  </suite> <!-- Default suite -->
</testng-results>
